# JRE version: Java(TM) SE Runtime Environment (8.0_131-b11) (build 1.8.0_131-b11)
# Java VM: Java HotSpot(TM) 64-Bit Server VM (25.131-b11 mixed mode windows-amd64 compressed oops)
Heap:
 PSYoungGen      total 561152K, used 473406K [0x00000000d5a00000, 0x0000000100000000, 0x0000000100000000)
  eden space 437248K, 83% used [0x00000000d5a00000,0x00000000ebf63d78,0x00000000f0500000)
  from space 123904K, 86% used [0x00000000f0500000,0x00000000f6debcb0,0x00000000f7e00000)
  to   space 133120K, 0% used [0x00000000f7e00000,0x00000000f7e00000,0x0000000100000000)
 ParOldGen       total 989696K, used 710788K [0x0000000080e00000, 0x00000000bd480000, 0x00000000d5a00000)
  object space 989696K, 71% used [0x0000000080e00000,0x00000000ac421170,0x00000000bd480000)
 Metaspace       used 37592K, capacity 39841K, committed 40052K, reserved 1083392K
  class space    used 5076K, capacity 5428K, committed 5504K, reserved 1048576K
GC Heap History (10 events):
Event: 31.182 GC heap before
{Heap before GC invocations=60 (full 6):
 PSYoungGen      total 532992K, used 532843K [0x00000000d5a00000, 0x0000000100000000, 0x0000000100000000)
  eden space 444416K, 100% used [0x00000000d5a00000,0x00000000f0c00000,0x00000000f0c00000)
  from space 88576K, 99% used [0x00000000f0c00000,0x00000000f625aed0,0x00000000f6280000)
  to   space 130048K, 0% used [0x00000000f8100000,0x00000000f8100000,0x0000000100000000)
 ParOldGen       total 593920K, used 470556K [0x0000000080e00000, 0x00000000a5200000, 0x00000000d5a00000)
  object space 593920K, 79% used [0x0000000080e00000,0x000000009d987140,0x00000000a5200000)
 Metaspace       used 37028K, capacity 39309K, committed 39540K, reserved 1083392K
  class space    used 5054K, capacity 5424K, committed 5504K, reserved 1048576K
Event: 31.231 GC heap after
Heap after GC invocations=60 (full 6):
 PSYoungGen      total 563200K, used 78877K [0x00000000d5a00000, 0x0000000100000000, 0x0000000100000000)
  eden space 433152K, 0% used [0x00000000d5a00000,0x00000000d5a00000,0x00000000f0100000)
  from space 130048K, 60% used [0x00000000f8100000,0x00000000fce07488,0x0000000100000000)
  to   space 130560K, 0% used [0x00000000f0100000,0x00000000f0100000,0x00000000f8080000)
 ParOldGen       total 593920K, used 489515K [0x0000000080e00000, 0x00000000a5200000, 0x00000000d5a00000)
  object space 593920K, 82% used [0x0000000080e00000,0x000000009ec0ad38,0x00000000a5200000)
 Metaspace       used 37028K, capacity 39309K, committed 39540K, reserved 1083392K
  class space    used 5054K, capacity 5424K, committed 5504K, reserved 1048576K
}
Event: 31.562 GC heap before
{Heap before GC invocations=61 (full 6):
 PSYoungGen      total 563200K, used 512029K [0x00000000d5a00000, 0x0000000100000000, 0x0000000100000000)
  eden space 433152K, 100% used [0x00000000d5a00000,0x00000000f0100000,0x00000000f0100000)
  from space 130048K, 60% used [0x00000000f8100000,0x00000000fce07488,0x0000000100000000)
  to   space 130560K, 0% used [0x00000000f0100000,0x00000000f0100000,0x00000000f8080000)
 ParOldGen       total 593920K, used 489515K [0x0000000080e00000, 0x00000000a5200000, 0x00000000d5a00000)
  object space 593920K, 82% used [0x0000000080e00000,0x000000009ec0ad38,0x00000000a5200000)
 Metaspace       used 37028K, capacity 39309K, committed 39540K, reserved 1083392K
  class space    used 5054K, capacity 5424K, committed 5504K, reserved 1048576K
Event: 31.611 GC heap after
Heap after GC invocations=61 (full 6):
 PSYoungGen      total 503296K, used 70063K [0x00000000d5a00000, 0x00000000ffa80000, 0x0000000100000000)
  eden space 433152K, 0% used [0x00000000d5a00000,0x00000000d5a00000,0x00000000f0100000)
  from space 70144K, 99% used [0x00000000f0100000,0x00000000f456bf00,0x00000000f4580000)
  to   space 127488K, 0% used [0x00000000f7e00000,0x00000000f7e00000,0x00000000ffa80000)
 ParOldGen       total 593920K, used 507227K [0x0000000080e00000, 0x00000000a5200000, 0x00000000d5a00000)
  object space 593920K, 85% used [0x0000000080e00000,0x000000009fd56e70,0x00000000a5200000)
 Metaspace       used 37028K, capacity 39309K, committed 39540K, reserved 1083392K
  class space    used 5054K, capacity 5424K, committed 5504K, reserved 1048576K
}
Event: 31.925 GC heap before
{Heap before GC invocations=62 (full 6):
 PSYoungGen      total 503296K, used 503215K [0x00000000d5a00000, 0x00000000ffa80000, 0x0000000100000000)
  eden space 433152K, 100% used [0x00000000d5a00000,0x00000000f0100000,0x00000000f0100000)
  from space 70144K, 99% used [0x00000000f0100000,0x00000000f456bf00,0x00000000f4580000)
  to   space 127488K, 0% used [0x00000000f7e00000,0x00000000f7e00000,0x00000000ffa80000)
 ParOldGen       total 593920K, used 507227K [0x0000000080e00000, 0x00000000a5200000, 0x00000000d5a00000)
  object space 593920K, 85% used [0x0000000080e00000,0x000000009fd56e70,0x00000000a5200000)
 Metaspace       used 37028K, capacity 39309K, committed 39540K, reserved 1083392K
  class space    used 5054K, capacity 5424K, committed 5504K, reserved 1048576K
Event: 31.974 GC heap after
Heap after GC invocations=62 (full 6):
 PSYoungGen      total 564736K, used 69385K [0x00000000d5a00000, 0x0000000100000000, 0x0000000100000000)
  eden space 437248K, 0% used [0x00000000d5a00000,0x00000000d5a00000,0x00000000f0500000)
  from space 127488K, 54% used [0x00000000f7e00000,0x00000000fc1c24a8,0x00000000ffa80000)
  to   space 123904K, 0% used [0x00000000f0500000,0x00000000f0500000,0x00000000f7e00000)
 ParOldGen       total 593920K, used 517534K [0x0000000080e00000, 0x00000000a5200000, 0x00000000d5a00000)
  object space 593920K, 87% used [0x0000000080e00000,0x00000000a0767988,0x00000000a5200000)
 Metaspace       used 37028K, capacity 39309K, committed 39540K, reserved 1083392K
  class space    used 5054K, capacity 5424K, committed 5504K, reserved 1048576K
}
Event: 33.707 GC heap before
{Heap before GC invocations=63 (full 6):
 PSYoungGen      total 564736K, used 506633K [0x00000000d5a00000, 0x0000000100000000, 0x0000000100000000)
  eden space 437248K, 100% used [0x00000000d5a00000,0x00000000f0500000,0x00000000f0500000)
  from space 127488K, 54% used [0x00000000f7e00000,0x00000000fc1c24a8,0x00000000ffa80000)
  to   space 123904K, 0% used [0x00000000f0500000,0x00000000f0500000,0x00000000f7e00000)
 ParOldGen       total 593920K, used 517534K [0x0000000080e00000, 0x00000000a5200000, 0x00000000d5a00000)
  object space 593920K, 87% used [0x0000000080e00000,0x00000000a0767988,0x00000000a5200000)
 Metaspace       used 37029K, capacity 39309K, committed 39540K, reserved 1083392K
  class space    used 5054K, capacity 5424K, committed 5504K, reserved 1048576K
Event: 33.939 GC heap after
Heap after GC invocations=63 (full 6):
 PSYoungGen      total 561152K, used 123877K [0x00000000d5a00000, 0x0000000100000000, 0x0000000100000000)
  eden space 437248K, 0% used [0x00000000d5a00000,0x00000000d5a00000,0x00000000f0500000)
  from space 123904K, 99% used [0x00000000f0500000,0x00000000f7df9750,0x00000000f7e00000)
  to   space 133120K, 0% used [0x00000000f7e00000,0x00000000f7e00000,0x0000000100000000)
 ParOldGen       total 722432K, used 722071K [0x0000000080e00000, 0x00000000acf80000, 0x00000000d5a00000)
  object space 722432K, 99% used [0x0000000080e00000,0x00000000acf25ea8,0x00000000acf80000)
 Metaspace       used 37029K, capacity 39309K, committed 39540K, reserved 1083392K
  class space    used 5054K, capacity 5424K, committed 5504K, reserved 1048576K
}
Event: 33.939 GC heap before
{Heap before GC invocations=64 (full 7):
 PSYoungGen      total 561152K, used 123877K [0x00000000d5a00000, 0x0000000100000000, 0x0000000100000000)
  eden space 437248K, 0% used [0x00000000d5a00000,0x00000000d5a00000,0x00000000f0500000)
  from space 123904K, 99% used [0x00000000f0500000,0x00000000f7df9750,0x00000000f7e00000)
  to   space 133120K, 0% used [0x00000000f7e00000,0x00000000f7e00000,0x0000000100000000)
 ParOldGen       total 722432K, used 722071K [0x0000000080e00000, 0x00000000acf80000, 0x00000000d5a00000)
  object space 722432K, 99% used [0x0000000080e00000,0x00000000acf25ea8,0x00000000acf80000)
 Metaspace       used 37029K, capacity 39309K, committed 39540K, reserved 1083392K
  class space    used 5054K, capacity 5424K, committed 5504K, reserved 1048576K
Event: 37.032 GC heap after
Heap after GC invocations=64 (full 7):
 PSYoungGen      total 561152K, used 107439K [0x00000000d5a00000, 0x0000000100000000, 0x0000000100000000)
  eden space 437248K, 0% used [0x00000000d5a00000,0x00000000d5a00000,0x00000000f0500000)
  from space 123904K, 86% used [0x00000000f0500000,0x00000000f6debcb0,0x00000000f7e00000)
  to   space 133120K, 0% used [0x00000000f7e00000,0x00000000f7e00000,0x0000000100000000)
 ParOldGen       total 989696K, used 710788K [0x0000000080e00000, 0x00000000bd480000, 0x00000000d5a00000)
  object space 989696K, 71% used [0x0000000080e00000,0x00000000ac421170,0x00000000bd480000)
 Metaspace       used 37029K, capacity 39309K, committed 39540K, reserved 1083392K
  class space    used 5054K, capacity 5424K, committed 5504K, reserved 1048576K
}

